<?xml version="1.0" encoding="UTF-8"?>
<!-- Generated by org.testng.reporters.JUnitXMLReporter -->
<testsuite hostname="INHYIZLP11199" ignored="4" name="Default test" tests="1" failures="0" timestamp="30 Jan 2020 05:39:59 GMT" time="29.899" errors="0">
  <testcase name="search" time="9.379" classname="com.google.run.TestRun"/>
  <testcase name="@BeforeTest setUp" time="0.0" classname="com.google.automation.util.GenericConfig">
    <ignored/>
  </testcase> <!-- @BeforeTest setUp -->
  <testcase name="@AfterSuite afterClass" time="0.0" classname="com.google.automation.util.GenericConfig">
    <ignored/>
  </testcase> <!-- @AfterSuite afterClass -->
  <testcase name="@AfterTest endTest" time="0.0" classname="com.google.automation.util.GenericConfig">
    <ignored/>
  </testcase> <!-- @AfterTest endTest -->
  <testcase name="@BeforeSuite startTest" time="0.0" classname="com.google.automation.util.GenericConfig">
    <ignored/>
  </testcase> <!-- @BeforeSuite startTest -->
</testsuite> <!-- Default test -->
