<?xml version="1.0" encoding="UTF-8"?>
<!-- Generated by org.testng.reporters.JUnitXMLReporter -->
<testsuite hostname="INHYIZLP11199" ignored="4" name="Test" tests="1" failures="0" timestamp="30 Jan 2020 13:13:34 GMT" time="24.465" errors="0">
  <testcase name="search" time="8.162" classname="com.google.run.TestRun"/>
  <testcase name="@BeforeTest setUp" time="0.0" classname="com.google.automation.util.GenericConfig">
    <ignored/>
  </testcase> <!-- @BeforeTest setUp -->
  <testcase name="@AfterSuite afterClass" time="0.0" classname="com.google.automation.util.GenericConfig">
    <ignored/>
  </testcase> <!-- @AfterSuite afterClass -->
  <testcase name="@AfterTest endTest" time="0.0" classname="com.google.automation.util.GenericConfig">
    <ignored/>
  </testcase> <!-- @AfterTest endTest -->
  <testcase name="@BeforeSuite startTest" time="0.0" classname="com.google.automation.util.GenericConfig">
    <ignored/>
  </testcase> <!-- @BeforeSuite startTest -->
</testsuite> <!-- Test -->
