<?xml version="1.0" encoding="UTF-8"?>
<testng-results skipped="0" failed="0" ignored="4" total="5" passed="1">
  <reporter-output>
  </reporter-output>
  <suite name="Suite" duration-ms="24465" started-at="2020-01-30T13:13:10Z" finished-at="2020-01-30T13:13:34Z">
    <groups>
    </groups>
    <test name="Test" duration-ms="24465" started-at="2020-01-30T13:13:10Z" finished-at="2020-01-30T13:13:34Z">
      <class name="com.google.automation.util.GenericConfig">
        <test-method status="PASS" signature="startTest()[pri:0, instance:com.google.automation.util.GenericConfig@e720b71]" name="startTest" is-config="true" duration-ms="261" started-at="2020-01-30T13:13:09Z" finished-at="2020-01-30T13:13:10Z">
          <reporter-output>
          </reporter-output>
        </test-method> <!-- startTest -->
        <test-method status="PASS" signature="setUp()[pri:0, instance:com.google.automation.util.GenericConfig@e720b71]" name="setUp" is-config="true" duration-ms="15764" started-at="2020-01-30T13:13:10Z" finished-at="2020-01-30T13:13:25Z">
          <reporter-output>
          </reporter-output>
        </test-method> <!-- setUp -->
        <test-method status="PASS" signature="endTest()[pri:0, instance:com.google.automation.util.GenericConfig@e720b71]" name="endTest" is-config="true" duration-ms="486" started-at="2020-01-30T13:13:34Z" finished-at="2020-01-30T13:13:34Z">
          <reporter-output>
          </reporter-output>
        </test-method> <!-- endTest -->
        <test-method status="PASS" signature="afterClass()[pri:0, instance:com.google.automation.util.GenericConfig@e720b71]" name="afterClass" is-config="true" duration-ms="1195" started-at="2020-01-30T13:13:34Z" finished-at="2020-01-30T13:13:35Z">
          <reporter-output>
          </reporter-output>
        </test-method> <!-- afterClass -->
      </class> <!-- com.google.automation.util.GenericConfig -->
      <class name="com.google.run.TestRun">
        <test-method status="PASS" signature="search()[pri:0, instance:com.google.run.TestRun@1b26f7b2]" name="search" duration-ms="8162" started-at="2020-01-30T13:13:25Z" finished-at="2020-01-30T13:13:33Z">
          <reporter-output>
          </reporter-output>
        </test-method> <!-- search -->
      </class> <!-- com.google.run.TestRun -->
    </test> <!-- Test -->
  </suite> <!-- Suite -->
</testng-results>
